TN:
SF:src/index.ts
FN:3,(anonymous_5)
FNF:1
FNH:0
FNDA:0,(anonymous_5)
DA:1,1
DA:2,1
DA:3,1
LF:3
LH:3
BRF:0
BRH:0
end_of_record
TN:
SF:src/lib/concurrent-merger.ts
FN:13,(anonymous_15)
FN:23,ConcurrentMerger
FN:34,(anonymous_17)
FN:49,(anonymous_18)
FN:58,(anonymous_19)
FN:67,(anonymous_20)
FN:71,(anonymous_21)
FN:73,(anonymous_22)
FN:73,(anonymous_23)
FNF:9
FNH:8
FNDA:1,(anonymous_15)
FNDA:1,ConcurrentMerger
FNDA:6,(anonymous_17)
FNDA:1,(anonymous_18)
FNDA:0,(anonymous_19)
FNDA:1,(anonymous_20)
FNDA:6,(anonymous_21)
FNDA:6,(anonymous_22)
FNDA:6,(anonymous_23)
DA:1,1
DA:3,1
DA:13,1
DA:15,1
DA:17,1
DA:19,1
DA:21,1
DA:24,1
DA:25,1
DA:30,1
DA:31,1
DA:34,1
DA:35,6
DA:36,6
DA:37,0
DA:40,6
DA:46,6
DA:49,1
DA:51,1
DA:52,6
DA:53,6
DA:54,6
DA:58,1
DA:60,0
DA:61,0
DA:62,0
DA:63,0
DA:67,1
DA:69,1
DA:71,12
DA:73,6
DA:75,6
DA:78,6
DA:81,1
DA:82,1
DA:84,1
DA:86,1
DA:88,0
DA:91,1
DA:95,1
LF:40
LH:34
BRDA:30,0,0,0
BRDA:30,0,1,1
BRDA:31,1,0,1
BRDA:31,1,1,0
BRDA:36,2,0,0
BRDA:36,2,1,6
BRDA:78,3,0,5
BRDA:78,3,1,1
BRF:8
BRH:5
end_of_record
TN:
SF:src/lib/decorator.ts
FN:3,concurrentMerger
FN:12,(anonymous_14)
FN:20,(anonymous_15)
FNF:3
FNH:0
FNDA:0,concurrentMerger
FNDA:0,(anonymous_14)
FNDA:0,(anonymous_15)
DA:1,1
DA:3,1
DA:4,0
DA:5,0
DA:10,0
DA:12,0
DA:17,0
DA:18,0
DA:20,0
DA:22,0
DA:24,0
LF:11
LH:2
BRDA:9,0,0,0
BRDA:9,0,1,0
BRDA:18,1,0,0
BRDA:18,1,1,0
BRF:4
BRH:0
end_of_record
TN:
SF:src/lib/logger.ts
FN:3,(anonymous_0)
FNF:1
FNH:1
FNDA:1,(anonymous_0)
DA:1,1
DA:3,2
DA:5,1
LF:3
LH:3
BRF:0
BRH:0
end_of_record
TN:
SF:src/utils/uuid.ts
FN:1,uuid
FN:2,(anonymous_1)
FNF:2
FNH:2
FNDA:6,uuid
FNDA:186,(anonymous_1)
DA:1,1
DA:2,6
DA:3,186
DA:4,186
DA:5,186
LF:5
LH:5
BRDA:4,0,0,180
BRDA:4,0,1,6
BRF:2
BRH:2
end_of_record
